2015-01-01	77789
2015-01-02	61832
2015-01-03	81955
2015-01-04	62691
2015-01-05	71063
2015-01-06	81722
2015-01-07	93090
2015-01-08	103978
2015-01-09	100710
2015-01-10	103838
2015-01-11	80717
2015-01-12	87703
2015-01-13	94221
2015-01-14	94558
2015-01-15	100055
2015-01-16	105375
2015-01-17	98951
2015-01-18	96891
2015-01-19	67340
2015-01-20	83564
2015-01-21	88385
2015-01-22	95833
2015-01-23	102677
2015-01-24	103768
2015-01-25	80802
2015-01-26	64800
2015-01-27	33171
2015-01-28	88699
2015-01-29	101071
2015-01-30	117671
2015-01-31	121113
2015-02-01	103439
2015-02-02	96774
2015-02-03	105532
2015-02-04	102648
2015-02-05	117165
2015-02-06	123446
2015-02-07	110556
2015-02-08	89470
2015-02-09	92573
2015-02-10	97965
2015-02-11	106943
2015-02-12	117868
2015-02-13	136152
2015-02-14	130072
2015-02-15	116940
2015-02-16	99764
2015-02-17	102953
2015-02-18	104446
2015-02-19	123717
2015-02-20	138194
2015-02-21	124056
2015-02-22	92012
2015-02-23	106383
2015-02-24	114772
2015-02-25	109749
2015-02-26	119592
2015-02-27	125198
2015-02-28	118022
2015-03-01	96463
2015-03-02	91000
2015-03-03	108518
2015-03-04	107331
2015-03-05	103708
2015-03-06	118186
2015-03-07	115237
2015-03-08	91839
2015-03-09	87259
2015-03-10	106096
2015-03-11	99628
2015-03-12	110050
2015-03-13	115527
2015-03-14	125986
2015-03-15	93785
2015-03-16	87680
2015-03-17	95352
2015-03-18	105119
2015-03-19	111690
2015-03-20	130382
2015-03-21	113356
2015-03-22	99858
2015-03-23	93854
2015-03-24	96609
2015-03-25	107442
2015-03-26	113132
2015-03-27	121243
2015-03-28	125388
2015-03-29	105458
2015-03-30	94876
2015-03-31	109375
2015-04-01	126925
2015-04-02	131778
2015-04-03	128635
2015-04-04	115245
2015-04-05	103802
2015-04-06	104007
2015-04-07	122520
2015-04-08	127735
2015-04-09	134453
2015-04-10	137984
2015-04-11	130291
2015-04-12	112993
2015-04-13	112226
2015-04-14	120204
2015-04-15	125351
2015-04-16	138661
2015-04-17	142870
2015-04-18	143311
2015-04-19	123896
2015-04-20	139164
2015-04-21	126516
2015-04-22	141548
2015-04-23	152166
2015-04-24	162279
2015-04-25	155929
2015-04-26	134903
2015-04-27	121231
2015-04-28	124350
2015-04-29	134491
2015-04-30	142325
2015-05-01	149994
2015-05-02	151248
2015-05-03	125989
2015-05-04	119309
2015-05-05	132000
2015-05-06	137944
2015-05-07	145599
2015-05-08	148111
2015-05-09	144168
2015-05-10	124611
2015-05-11	126235
2015-05-12	134917
2015-05-13	143397
2015-05-14	151920
2015-05-15	156892
2015-05-16	168910
2015-05-17	137515
2015-05-18	131021
2015-05-19	141911
2015-05-20	148606
2015-05-21	153246
2015-05-22	139276
2015-05-23	119859
2015-05-24	107080
2015-05-25	93976
2015-05-26	125612
2015-05-27	144681
2015-05-28	151593
2015-05-29	153571
2015-05-30	148039
2015-05-31	138837
2015-06-01	147408
2015-06-02	152452
2015-06-03	140627
2015-06-04	148807
2015-06-05	153313
2015-06-06	140768
2015-06-07	126055
2015-06-08	127797
2015-06-09	134255
2015-06-10	139335
2015-06-11	155609
2015-06-12	153964
2015-06-13	140247
2015-06-14	127899
2015-06-15	137361
2015-06-16	141176
2015-06-17	146297
2015-06-18	153221
2015-06-19	153364
2015-06-20	140349
2015-06-21	125314
2015-06-22	125045
2015-06-23	146998
2015-06-24	144552
2015-06-25	153185
2015-06-26	149333
2015-06-27	176872
2015-06-28	127443
2015-06-29	119930
2015-06-30	124907
2015-07-01	135175
2015-07-02	128796
2015-07-03	101997
2015-07-04	95843
2015-07-05	100182
2015-07-06	108162
2015-07-07	127994
2015-07-08	136981
2015-07-09	154918
2015-07-10	145996
2015-07-11	147156
2015-07-12	132941
2015-07-13	123601
2015-07-14	142513
2015-07-15	156273
2015-07-16	155878
2015-07-17	152500
2015-07-18	158876
2015-07-19	145235
2015-07-20	142847
2015-07-21	147303
2015-07-22	153096
2015-07-23	160358
2015-07-24	158918
2015-07-25	151854
2015-07-26	135990
2015-07-27	132925
2015-07-28	151135
2015-07-29	162120
2015-07-30	179356
2015-07-31	167544
2015-08-01	180821
2015-08-02	159842
2015-08-03	155957
2015-08-04	170748
2015-08-05	174992
2015-08-06	181017
2015-08-07	183548
2015-08-08	162893
2015-08-09	148847
2015-08-10	146879
2015-08-11	175943
2015-08-12	169574
2015-08-13	177220
2015-08-14	181908
2015-08-15	176754
2015-08-16	160055
2015-08-17	157832
2015-08-18	169931
2015-08-19	177438
2015-08-20	187111
2015-08-21	189072
2015-08-22	180732
2015-08-23	160462
2015-08-24	153490
2015-08-25	161936
2015-08-26	167877
2015-08-27	176699
2015-08-28	183480
2015-08-29	180359
2015-08-30	168956
2015-08-31	160708
2015-09-01	195918
2015-09-02	204324
2015-09-03	216933
2015-09-04	223478
2015-09-05	209028
2015-09-06	195180
2015-09-07	169494
2015-09-08	215946
2015-09-09	237928
2015-09-10	283250
2015-09-11	257625
2015-09-12	268095
2015-09-13	226351
2015-09-14	191246
2015-09-15	206879
2015-09-16	235052
2015-09-17	245776
2015-09-18	259636
2015-09-19	261851
2015-09-20	225865
2015-09-21	202022
2015-09-22	197743
2015-09-23	187929
2015-09-24	204134
2015-09-25	227387
2015-09-26	257527
2015-09-27	221422
2015-09-28	192274
2015-09-29	210835
2015-09-30	223298
2015-10-01	294140
2015-10-02	357535
2015-10-03	293877
2015-10-04	245966
2015-10-05	225829
2015-10-06	238086
2015-10-07	259987
2015-10-08	280463
2015-10-09	307035
2015-10-10	289144
2015-10-11	256951
2015-10-12	213584
2015-10-13	249101
2015-10-14	259475
2015-10-15	282461
2015-10-16	308159
2015-10-17	311542
2015-10-18	276510
2015-10-19	253209
2015-10-20	251600
2015-10-21	262690
2015-10-22	284296
2015-10-23	309659
2015-10-24	310935
2015-10-25	268018
2015-10-26	246259
2015-10-27	257450
2015-10-28	321912
2015-10-29	293479
2015-10-30	326825
2015-10-31	336360
2015-11-01	300325
2015-11-02	246175
2015-11-03	248887
2015-11-04	268612
2015-11-05	295897
2015-11-06	307953
2015-11-07	311916
2015-11-08	273249
2015-11-09	251183
2015-11-10	302562
2015-11-11	261488
2015-11-12	298435
2015-11-13	323009
2015-11-14	333435
2015-11-15	280148
2015-11-16	249536
2015-11-17	270888
2015-11-18	280993
2015-11-19	352155
2015-11-20	325303
2015-11-21	325890
2015-11-22	277249
2015-11-23	273564
2015-11-24	283114
2015-11-25	280873
2015-11-26	236551
2015-11-27	212675
2015-11-28	246700
2015-11-29	239005
2015-11-30	258742
2015-12-01	300491
2015-12-02	295322
2015-12-03	306438
2015-12-04	329186
2015-12-05	323020
2015-12-06	279285
2015-12-07	271110
2015-12-08	287326
2015-12-09	295253
2015-12-10	312810
2015-12-11	335868
2015-12-12	335418
2015-12-13	280377
2015-12-14	284541
2015-12-15	286903
2015-12-16	311749
2015-12-17	365010
2015-12-18	362323
2015-12-19	354108
2015-12-20	292126
2015-12-21	262636
2015-12-22	274540
2015-12-23	290944
2015-12-24	240893
2015-12-25	200428
2015-12-26	193476
2015-12-27	210632
2015-12-28	220676
2015-12-29	227555
2015-12-30	238784
2015-12-31	255762
