2015-01-01	62575
2015-01-02	43154
2015-01-03	53776
2015-01-04	42051
2015-01-05	41947
2015-01-06	40604
2015-01-07	47759
2015-01-08	47760
2015-01-09	53137
2015-01-10	64091
2015-01-11	51080
2015-01-12	40929
2015-01-13	45151
2015-01-14	44367
2015-01-15	47859
2015-01-16	59533
2015-01-17	64479
2015-01-18	55683
2015-01-19	35933
2015-01-20	40879
2015-01-21	43250
2015-01-22	46128
2015-01-23	54449
2015-01-24	58521
2015-01-25	53583
2015-01-26	30170
2015-01-27	15287
2015-01-28	42319
2015-01-29	47877
2015-01-30	62399
2015-01-31	70649
2015-02-01	58728
2015-02-02	42484
2015-02-03	48225
2015-02-04	47374
2015-02-05	54895
2015-02-06	61656
2015-02-07	66933
2015-02-08	57132
2015-02-09	43654
2015-02-10	45621
2015-02-11	48973
2015-02-12	54494
2015-02-13	69638
2015-02-14	76342
2015-02-15	64992
2015-02-16	47205
2015-02-17	41806
2015-02-18	48300
2015-02-19	58930
2015-02-20	64349
2015-02-21	64236
2015-02-22	54348
2015-02-23	53048
2015-02-24	50115
2015-02-25	50910
2015-02-26	56611
2015-02-27	68042
2015-02-28	75653
2015-03-01	54283
2015-03-02	46655
2015-03-03	51239
2015-03-04	51704
2015-03-05	42254
2015-03-06	63223
2015-03-07	73149
2015-03-08	58166
2015-03-09	44968
2015-03-10	51072
2015-03-11	50174
2015-03-12	54082
2015-03-13	63686
2015-03-14	71271
2015-03-15	60953
2015-03-16	44609
2015-03-17	50147
2015-03-18	51696
2015-03-19	52806
2015-03-20	61753
2015-03-21	68737
2015-03-22	62872
2015-03-23	46827
2015-03-24	45767
2015-03-25	50364
2015-03-26	53060
2015-03-27	62825
2015-03-28	76004
2015-03-29	62836
2015-03-30	45189
2015-03-31	51000
2015-04-01	51916
2015-04-02	55674
2015-04-03	60221
2015-04-04	68257
2015-04-05	59367
2015-04-06	43512
2015-04-07	47366
2015-04-08	50278
2015-04-09	51821
2015-04-10	58782
2015-04-11	72645
2015-04-12	61682
2015-04-13	44524
2015-04-14	44035
2015-04-15	48368
2015-04-16	53072
2015-04-17	59570
2015-04-18	75307
2015-04-19	65182
2015-04-20	46885
2015-04-21	44909
2015-04-22	50407
2015-04-23	55600
2015-04-24	65216
2015-04-25	75199
2015-04-26	63116
2015-04-27	44861
2015-04-28	44159
2015-04-29	49033
2015-04-30	53294
2015-05-01	65680
2015-05-02	81540
2015-05-03	66354
2015-05-04	45380
2015-05-05	47592
2015-05-06	50460
2015-05-07	54586
2015-05-08	63003
2015-05-09	73234
2015-05-10	65465
2015-05-11	46524
2015-05-12	46973
2015-05-13	51716
2015-05-14	54713
2015-05-15	63455
2015-05-16	75783
2015-05-17	62637
2015-05-18	46928
2015-05-19	47875
2015-05-20	51191
2015-05-21	54872
2015-05-22	60490
2015-05-23	64640
2015-05-24	57287
2015-05-25	44351
2015-05-26	44561
2015-05-27	49043
2015-05-28	52165
2015-05-29	60733
2015-05-30	72944
2015-05-31	64766
2015-06-01	51700
2015-06-02	49898
2015-06-03	50135
2015-06-04	53261
2015-06-05	63145
2015-06-06	72851
2015-06-07	65146
2015-06-08	45882
2015-06-09	45310
2015-06-10	48305
2015-06-11	54019
2015-06-12	62193
2015-06-13	69588
2015-06-14	64105
2015-06-15	47161
2015-06-16	45637
2015-06-17	48988
2015-06-18	50096
2015-06-19	59209
2015-06-20	67092
2015-06-21	60866
2015-06-22	44306
2015-06-23	47704
2015-06-24	48107
2015-06-25	51795
2015-06-26	57912
2015-06-27	74882
2015-06-28	55156
2015-06-29	41595
2015-06-30	42902
2015-07-01	49580
2015-07-02	51373
2015-07-03	51010
2015-07-04	53442
2015-07-05	51932
2015-07-06	39715
2015-07-07	41252
2015-07-08	44916
2015-07-09	49124
2015-07-10	53605
2015-07-11	65139
2015-07-12	56337
2015-07-13	40188
2015-07-14	40979
2015-07-15	44118
2015-07-16	46314
2015-07-17	47158
2015-07-18	63060
2015-07-19	60951
2015-07-20	43584
2015-07-21	42712
2015-07-22	44765
2015-07-23	47553
2015-07-24	54999
2015-07-25	66050
2015-07-26	56515
2015-07-27	40020
2015-07-28	42085
2015-07-29	45753
2015-07-30	49219
2015-07-31	57623
2015-08-01	67619
2015-08-02	57345
2015-08-03	41892
2015-08-04	42156
2015-08-05	43739
2015-08-06	46642
2015-08-07	53407
2015-08-08	64685
2015-08-09	54967
2015-08-10	38377
2015-08-11	40207
2015-08-12	42794
2015-08-13	47120
2015-08-14	54592
2015-08-15	65091
2015-08-16	56066
2015-08-17	40989
2015-08-18	40886
2015-08-19	43551
2015-08-20	47576
2015-08-21	54649
2015-08-22	64219
2015-08-23	55183
2015-08-24	38883
2015-08-25	38978
2015-08-26	40501
2015-08-27	43979
2015-08-28	51486
2015-08-29	61011
2015-08-30	54049
2015-08-31	40405
2015-09-01	41479
2015-09-02	43348
2015-09-03	48235
2015-09-04	53767
2015-09-05	58757
2015-09-06	53326
2015-09-07	42455
2015-09-08	42991
2015-09-09	46546
2015-09-10	52881
2015-09-11	56242
2015-09-12	66733
2015-09-13	56080
2015-09-14	39596
2015-09-15	41142
2015-09-16	46770
2015-09-17	49722
2015-09-18	57057
2015-09-19	68060
2015-09-20	57933
2015-09-21	42628
2015-09-22	40867
2015-09-23	41103
2015-09-24	40162
2015-09-25	53623
2015-09-26	65176
2015-09-27	55568
2015-09-28	42209
2015-09-29	43601
2015-09-30	46580
2015-10-01	54129
2015-10-02	65486
2015-10-03	61191
2015-10-04	52558
2015-10-05	41191
2015-10-06	41919
2015-10-07	44413
2015-10-08	49212
2015-10-09	58951
2015-10-10	62901
2015-10-11	55439
2015-10-12	36741
2015-10-13	42696
2015-10-14	44900
2015-10-15	49380
2015-10-16	58045
2015-10-17	68569
2015-10-18	59542
2015-10-19	43078
2015-10-20	43020
2015-10-21	44804
2015-10-22	48537
2015-10-23	58262
2015-10-24	67153
2015-10-25	56092
2015-10-26	42074
2015-10-27	43126
2015-10-28	51020
2015-10-29	49511
2015-10-30	63089
2015-10-31	72126
2015-11-01	63038
2015-11-02	42274
2015-11-03	40408
2015-11-04	43917
2015-11-05	49775
2015-11-06	56110
2015-11-07	66301
2015-11-08	56340
2015-11-09	41367
2015-11-10	47420
2015-11-11	42200
2015-11-12	49327
2015-11-13	59966
2015-11-14	70022
2015-11-15	56946
2015-11-16	41346
2015-11-17	44591
2015-11-18	45431
2015-11-19	56439
2015-11-20	59424
2015-11-21	68207
2015-11-22	57047
2015-11-23	45591
2015-11-24	46515
2015-11-25	50926
2015-11-26	48746
2015-11-27	42180
2015-11-28	49643
2015-11-29	48029
2015-11-30	41951
2015-12-01	47241
2015-12-02	46936
2015-12-03	51484
2015-12-04	58889
2015-12-05	67664
2015-12-06	56265
2015-12-07	42506
2015-12-08	44228
2015-12-09	46835
2015-12-10	50584
2015-12-11	59566
2015-12-12	67732
2015-12-13	59149
2015-12-14	46000
2015-12-15	46177
2015-12-16	50960
2015-12-17	57646
2015-12-18	67207
2015-12-19	73172
2015-12-20	59310
2015-12-21	45585
2015-12-22	47144
2015-12-23	52654
2015-12-24	56248
2015-12-25	39454
2015-12-26	39257
2015-12-27	39823
2015-12-28	38582
2015-12-29	38299
2015-12-30	44490
2015-12-31	66576
2016-01-01	1127
2021-04-03	2
