1900-01-01	2
1973-05-09	1
2008-08-07	1
2010-01-01	1
2012-11-07	1
2015-01-01	379488
2015-01-02	343319
2015-01-03	406546
2015-01-04	331372
2015-01-05	363379
2015-01-06	384023
2015-01-07	429213
2015-01-08	450255
2015-01-09	445293
2015-01-10	514932
2015-01-11	424272
2015-01-12	396281
2015-01-13	447773
2015-01-14	442502
2015-01-15	450081
2015-01-16	476337
2015-01-17	476759
2015-01-18	430353
2015-01-19	343671
2015-01-20	405089
2015-01-21	431060
2015-01-22	450631
2015-01-23	470498
2015-01-24	460641
2015-01-25	411629
2015-01-26	232175
2015-01-27	134405
2015-01-28	378515
2015-01-29	430233
2015-01-30	481371
2015-01-31	520101
2015-02-01	427085
2015-02-02	337307
2015-02-03	420157
2015-02-04	415558
2015-02-05	458361
2015-02-06	475421
2015-02-07	484754
2015-02-08	415231
2015-02-09	380868
2015-02-10	423851
2015-02-11	446637
2015-02-12	461895
2015-02-13	484728
2015-02-14	501752
2015-02-15	461939
2015-02-16	414090
2015-02-17	393930
2015-02-18	435762
2015-02-19	476915
2015-02-20	497401
2015-02-21	455651
2015-02-22	402698
2015-02-23	431336
2015-02-24	447864
2015-02-25	443817
2015-02-26	470528
2015-02-27	485129
2015-02-28	499263
2015-03-01	390445
2015-03-02	387936
2015-03-03	396999
2015-03-04	435378
2015-03-05	366333
2015-03-06	443662
2015-03-07	503971
2015-03-08	416397
2015-03-09	391822
2015-03-10	413282
2015-03-11	427797
2015-03-12	460511
2015-03-13	475550
2015-03-14	496862
2015-03-15	422781
2015-03-16	374526
2015-03-17	411660
2015-03-18	453375
2015-03-19	450852
2015-03-20	457552
2015-03-21	466626
2015-03-22	433495
2015-03-23	390133
2015-03-24	411515
2015-03-25	426866
2015-03-26	425746
2015-03-27	464149
2015-03-28	509930
2015-03-29	428981
2015-03-30	390595
2015-03-31	429140
2015-04-01	439686
2015-04-02	442714
2015-04-03	444591
2015-04-04	439918
2015-04-05	380558
2015-04-06	374843
2015-04-07	425917
2015-04-08	442355
2015-04-09	459679
2015-04-10	467372
2015-04-11	473049
2015-04-12	411600
2015-04-13	377181
2015-04-14	411247
2015-04-15	426199
2015-04-16	450883
2015-04-17	467988
2015-04-18	500113
2015-04-19	450274
2015-04-20	397495
2015-04-21	425309
2015-04-22	431992
2015-04-23	461982
2015-04-24	472759
2015-04-25	489284
2015-04-26	429210
2015-04-27	393226
2015-04-28	411390
2015-04-29	426283
2015-04-30	445121
2015-05-01	460492
2015-05-02	508478
2015-05-03	437818
2015-05-04	389816
2015-05-05	431033
2015-05-06	445343
2015-05-07	440741
2015-05-08	447723
2015-05-09	469584
2015-05-10	408779
2015-05-11	395026
2015-05-12	423602
2015-05-13	438024
2015-05-14	439038
2015-05-15	456925
2015-05-16	479598
2015-05-17	427055
2015-05-18	403237
2015-05-19	431604
2015-05-20	441129
2015-05-21	445987
2015-05-22	420110
2015-05-23	384063
2015-05-24	337938
2015-05-25	302430
2015-05-26	386804
2015-05-27	414690
2015-05-28	430511
2015-05-29	440511
2015-05-30	451017
2015-05-31	371922
2015-06-01	400660
2015-06-02	419270
2015-06-03	424428
2015-06-04	443400
2015-06-05	450641
2015-06-06	449445
2015-06-07	405753
2015-06-08	391305
2015-06-09	407833
2015-06-10	424449
2015-06-11	438383
2015-06-12	442611
2015-06-13	428251
2015-06-14	384980
2015-06-15	375297
2015-06-16	399707
2015-06-17	424781
2015-06-18	428624
2015-06-19	435184
2015-06-20	414783
2015-06-21	368676
2015-06-22	374775
2015-06-23	405453
2015-06-24	410344
2015-06-25	418923
2015-06-26	424822
2015-06-27	446557
2015-06-28	350878
2015-06-29	360257
2015-06-30	373482
2015-07-01	389790
2015-07-02	365894
2015-07-03	304835
2015-07-04	253996
2015-07-05	277036
2015-07-06	315283
2015-07-07	366756
2015-07-08	392680
2015-07-09	404737
2015-07-10	399748
2015-07-11	407701
2015-07-12	366881
2015-07-13	350281
2015-07-14	384475
2015-07-15	404222
2015-07-16	398863
2015-07-17	365394
2015-07-18	403468
2015-07-19	397919
2015-07-20	374601
2015-07-21	374028
2015-07-22	391340
2015-07-23	403157
2015-07-24	403686
2015-07-25	387140
2015-07-26	352567
2015-07-27	348339
2015-07-28	383366
2015-07-29	405352
2015-07-30	389882
2015-07-31	396725
2015-08-01	390656
2015-08-02	351076
2015-08-03	349127
2015-08-04	375357
2015-08-05	391105
2015-08-06	390068
2015-08-07	386635
2015-08-08	363905
2015-08-09	320156
2015-08-10	321234
2015-08-11	356561
2015-08-12	369451
2015-08-13	379866
2015-08-14	377521
2015-08-15	370827
2015-08-16	337720
2015-08-17	338253
2015-08-18	369923
2015-08-19	379929
2015-08-20	386749
2015-08-21	381099
2015-08-22	357565
2015-08-23	319047
2015-08-24	317606
2015-08-25	346211
2015-08-26	355932
2015-08-27	367333
2015-08-28	366467
2015-08-29	359427
2015-08-30	335137
2015-08-31	322622
2015-09-01	351885
2015-09-02	367857
2015-09-03	377297
2015-09-04	362203
2015-09-05	331838
2015-09-06	301992
2015-09-07	285364
2015-09-08	374092
2015-09-09	395838
2015-09-10	399475
2015-09-11	411068
2015-09-12	433661
2015-09-13	386411
2015-09-14	346167
2015-09-15	376794
2015-09-16	399732
2015-09-17	409546
2015-09-18	427228
2015-09-19	442465
2015-09-20	396880
2015-09-21	359075
2015-09-22	367840
2015-09-23	358351
2015-09-24	323904
2015-09-25	363507
2015-09-26	426069
2015-09-27	382646
2015-09-28	323473
2015-09-29	359433
2015-09-30	381059
2015-10-01	393024
2015-10-02	413612
2015-10-03	412288
2015-10-04	368888
2015-10-05	344950
2015-10-06	373268
2015-10-07	390345
2015-10-08	406008
2015-10-09	402019
2015-10-10	432405
2015-10-11	381430
2015-10-12	329127
2015-10-13	378340
2015-10-14	392406
2015-10-15	406013
2015-10-16	429257
2015-10-17	459102
2015-10-18	404083
2015-10-19	366916
2015-10-20	377041
2015-10-21	388871
2015-10-22	409866
2015-10-23	427127
2015-10-24	436807
2015-10-25	394101
2015-10-26	356787
2015-10-27	381024
2015-10-28	386451
2015-10-29	401619
2015-10-30	427248
2015-10-31	441566
2015-11-01	392232
2015-11-02	351073
2015-11-03	365012
2015-11-04	383191
2015-11-05	400942
2015-11-06	418107
2015-11-07	443208
2015-11-08	396950
2015-11-09	352521
2015-11-10	376802
2015-11-11	372225
2015-11-12	404953
2015-11-13	425995
2015-11-14	446998
2015-11-15	385769
2015-11-16	347315
2015-11-17	383875
2015-11-18	390540
2015-11-19	393305
2015-11-20	421223
2015-11-21	439354
2015-11-22	380918
2015-11-23	365709
2015-11-24	376795
2015-11-25	359213
2015-11-26	243548
2015-11-27	273955
2015-11-28	343056
2015-11-29	336159
2015-11-30	346756
2015-12-01	373633
2015-12-02	378996
2015-12-03	412273
2015-12-04	430211
2015-12-05	450539
2015-12-06	403547
2015-12-07	370960
2015-12-08	380869
2015-12-09	391124
2015-12-10	404498
2015-12-11	427066
2015-12-12	438974
2015-12-13	382345
2015-12-14	369411
2015-12-15	395964
2015-12-16	416941
2015-12-17	417453
2015-12-18	457351
2015-12-19	461515
2015-12-20	389362
2015-12-21	347067
2015-12-22	354742
2015-12-23	339770
2015-12-24	297530
2015-12-25	189041
2015-12-26	236013
2015-12-27	270736
2015-12-28	301053
2015-12-29	311408
2015-12-30	318107
2015-12-31	342349
2016-01-01	2363
2016-02-02	16
2016-08-15	10
2016-10-05	1
2016-10-12	1
2016-11-03	2
2022-12-20	1
2253-08-23	6
